<?xml version="1.0" encoding="UTF-8"?>
<testng-results ignored="0" total="1" passed="1" failed="0" skipped="0">
  <reporter-output>
  </reporter-output>
  <suite started-at="2024-02-26T16:03:17 IST" name="Default suite" finished-at="2024-02-26T16:03:47 IST" duration-ms="30098">
    <groups>
    </groups>
    <test started-at="2024-02-26T16:03:17 IST" name="Default test" finished-at="2024-02-26T16:03:47 IST" duration-ms="30098">
      <class name="git.Git">
        <test-method signature="f()[pri:0, instance:git.Git@6b8ca3c8]" started-at="2024-02-26T16:03:17 IST" name="f" finished-at="2024-02-26T16:03:47 IST" duration-ms="29874" status="PASS">
          <reporter-output>
          </reporter-output>
        </test-method> <!-- f -->
      </class> <!-- git.Git -->
    </test> <!-- Default test -->
  </suite> <!-- Default suite -->
</testng-results>
